# JRE version: Java(TM) SE Runtime Environment (8.0_121-b13) (build 1.8.0_121-b13)
# Java VM: Java HotSpot(TM) 64-Bit Server VM (25.121-b13 mixed mode windows-amd64 compressed oops)
Heap:
 PSYoungGen      total 71680K, used 63466K [0x00000000d5d80000, 0x00000000da880000, 0x0000000100000000)
  eden space 66560K, 87% used [0x00000000d5d80000,0x00000000d967acb0,0x00000000d9e80000)
  from space 5120K, 99% used [0x00000000da380000,0x00000000da87fec8,0x00000000da880000)
  to   space 5120K, 0% used [0x00000000d9e80000,0x00000000d9e80000,0x00000000da380000)
 ParOldGen       total 50688K, used 10425K [0x0000000081800000, 0x0000000084980000, 0x00000000d5d80000)
  object space 50688K, 20% used [0x0000000081800000,0x000000008222e458,0x0000000084980000)
 Metaspace       used 25024K, capacity 25852K, committed 25984K, reserved 1071104K
  class space    used 3192K, capacity 3411K, committed 3456K, reserved 1048576K
GC Heap History (10 events):
Event: 13.991 GC heap before
{Heap before GC invocations=3 (full 0):
 PSYoungGen      total 38400K, used 37022K [0x00000000d5d80000, 0x00000000da880000, 0x0000000100000000)
  eden space 33280K, 100% used [0x00000000d5d80000,0x00000000d7e00000,0x00000000d7e00000)
  from space 5120K, 73% used [0x00000000d8300000,0x00000000d86a7a00,0x00000000d8800000)
  to   space 5120K, 0% used [0x00000000d7e00000,0x00000000d7e00000,0x00000000d8300000)
 ParOldGen       total 87552K, used 16K [0x0000000081800000, 0x0000000086d80000, 0x00000000d5d80000)
  object space 87552K, 0% used [0x0000000081800000,0x0000000081804000,0x0000000086d80000)
 Metaspace       used 11695K, capacity 11964K, committed 12032K, reserved 1060864K
  class space    used 1415K, capacity 1497K, committed 1536K, reserved 1048576K
Event: 13.996 GC heap after
Heap after GC invocations=3 (full 0):
 PSYoungGen      total 38400K, used 5092K [0x00000000d5d80000, 0x00000000da880000, 0x0000000100000000)
  eden space 33280K, 0% used [0x00000000d5d80000,0x00000000d5d80000,0x00000000d7e00000)
  from space 5120K, 99% used [0x00000000d7e00000,0x00000000d82f93a0,0x00000000d8300000)
  to   space 5120K, 0% used [0x00000000da380000,0x00000000da380000,0x00000000da880000)
 ParOldGen       total 87552K, used 666K [0x0000000081800000, 0x0000000086d80000, 0x00000000d5d80000)
  object space 87552K, 0% used [0x0000000081800000,0x00000000818a6b50,0x0000000086d80000)
 Metaspace       used 11695K, capacity 11964K, committed 12032K, reserved 1060864K
  class space    used 1415K, capacity 1497K, committed 1536K, reserved 1048576K
}
Event: 14.185 GC heap before
{Heap before GC invocations=4 (full 0):
 PSYoungGen      total 38400K, used 38372K [0x00000000d5d80000, 0x00000000da880000, 0x0000000100000000)
  eden space 33280K, 100% used [0x00000000d5d80000,0x00000000d7e00000,0x00000000d7e00000)
  from space 5120K, 99% used [0x00000000d7e00000,0x00000000d82f93a0,0x00000000d8300000)
  to   space 5120K, 0% used [0x00000000da380000,0x00000000da380000,0x00000000da880000)
 ParOldGen       total 87552K, used 666K [0x0000000081800000, 0x0000000086d80000, 0x00000000d5d80000)
  object space 87552K, 0% used [0x0000000081800000,0x00000000818a6b50,0x0000000086d80000)
 Metaspace       used 15139K, capacity 15716K, committed 16000K, reserved 1062912K
  class space    used 1927K, capacity 2081K, committed 2176K, reserved 1048576K
Event: 14.190 GC heap after
Heap after GC invocations=4 (full 0):
 PSYoungGen      total 71680K, used 5093K [0x00000000d5d80000, 0x00000000da880000, 0x0000000100000000)
  eden space 66560K, 0% used [0x00000000d5d80000,0x00000000d5d80000,0x00000000d9e80000)
  from space 5120K, 99% used [0x00000000da380000,0x00000000da8795d8,0x00000000da880000)
  to   space 5120K, 0% used [0x00000000d9e80000,0x00000000d9e80000,0x00000000da380000)
 ParOldGen       total 87552K, used 2152K [0x0000000081800000, 0x0000000086d80000, 0x00000000d5d80000)
  object space 87552K, 2% used [0x0000000081800000,0x0000000081a1a318,0x0000000086d80000)
 Metaspace       used 15139K, capacity 15716K, committed 16000K, reserved 1062912K
  class space    used 1927K, capacity 2081K, committed 2176K, reserved 1048576K
}
Event: 14.465 GC heap before
{Heap before GC invocations=5 (full 0):
 PSYoungGen      total 71680K, used 59946K [0x00000000d5d80000, 0x00000000da880000, 0x0000000100000000)
  eden space 66560K, 82% used [0x00000000d5d80000,0x00000000d9311458,0x00000000d9e80000)
  from space 5120K, 99% used [0x00000000da380000,0x00000000da8795d8,0x00000000da880000)
  to   space 5120K, 0% used [0x00000000d9e80000,0x00000000d9e80000,0x00000000da380000)
 ParOldGen       total 87552K, used 2152K [0x0000000081800000, 0x0000000086d80000, 0x00000000d5d80000)
  object space 87552K, 2% used [0x0000000081800000,0x0000000081a1a318,0x0000000086d80000)
 Metaspace       used 20547K, capacity 21136K, committed 21248K, reserved 1067008K
  class space    used 2605K, capacity 2775K, committed 2816K, reserved 1048576K
Event: 14.477 GC heap after
Heap after GC invocations=5 (full 0):
 PSYoungGen      total 71680K, used 5112K [0x00000000d5d80000, 0x00000000da880000, 0x0000000100000000)
  eden space 66560K, 0% used [0x00000000d5d80000,0x00000000d5d80000,0x00000000d9e80000)
  from space 5120K, 99% used [0x00000000d9e80000,0x00000000da37e030,0x00000000da380000)
  to   space 5120K, 0% used [0x00000000da380000,0x00000000da380000,0x00000000da880000)
 ParOldGen       total 87552K, used 7510K [0x0000000081800000, 0x0000000086d80000, 0x00000000d5d80000)
  object space 87552K, 8% used [0x0000000081800000,0x0000000081f55b18,0x0000000086d80000)
 Metaspace       used 20547K, capacity 21136K, committed 21248K, reserved 1067008K
  class space    used 2605K, capacity 2775K, committed 2816K, reserved 1048576K
}
Event: 14.477 GC heap before
{Heap before GC invocations=6 (full 1):
 PSYoungGen      total 71680K, used 5112K [0x00000000d5d80000, 0x00000000da880000, 0x0000000100000000)
  eden space 66560K, 0% used [0x00000000d5d80000,0x00000000d5d80000,0x00000000d9e80000)
  from space 5120K, 99% used [0x00000000d9e80000,0x00000000da37e030,0x00000000da380000)
  to   space 5120K, 0% used [0x00000000da380000,0x00000000da380000,0x00000000da880000)
 ParOldGen       total 87552K, used 7510K [0x0000000081800000, 0x0000000086d80000, 0x00000000d5d80000)
  object space 87552K, 8% used [0x0000000081800000,0x0000000081f55b18,0x0000000086d80000)
 Metaspace       used 20547K, capacity 21136K, committed 21248K, reserved 1067008K
  class space    used 2605K, capacity 2775K, committed 2816K, reserved 1048576K
Event: 14.508 GC heap after
Heap after GC invocations=6 (full 1):
 PSYoungGen      total 71680K, used 0K [0x00000000d5d80000, 0x00000000da880000, 0x0000000100000000)
  eden space 66560K, 0% used [0x00000000d5d80000,0x00000000d5d80000,0x00000000d9e80000)
  from space 5120K, 0% used [0x00000000d9e80000,0x00000000d9e80000,0x00000000da380000)
  to   space 5120K, 0% used [0x00000000da380000,0x00000000da380000,0x00000000da880000)
 ParOldGen       total 50688K, used 9881K [0x0000000081800000, 0x0000000084980000, 0x00000000d5d80000)
  object space 50688K, 19% used [0x0000000081800000,0x00000000821a6628,0x0000000084980000)
 Metaspace       used 20545K, capacity 21130K, committed 21248K, reserved 1067008K
  class space    used 2604K, capacity 2774K, committed 2816K, reserved 1048576K
}
Event: 14.851 GC heap before
{Heap before GC invocations=7 (full 1):
 PSYoungGen      total 71680K, used 66560K [0x00000000d5d80000, 0x00000000da880000, 0x0000000100000000)
  eden space 66560K, 100% used [0x00000000d5d80000,0x00000000d9e80000,0x00000000d9e80000)
  from space 5120K, 0% used [0x00000000d9e80000,0x00000000d9e80000,0x00000000da380000)
  to   space 5120K, 0% used [0x00000000da380000,0x00000000da380000,0x00000000da880000)
 ParOldGen       total 50688K, used 9881K [0x0000000081800000, 0x0000000084980000, 0x00000000d5d80000)
  object space 50688K, 19% used [0x0000000081800000,0x00000000821a6628,0x0000000084980000)
 Metaspace       used 24372K, capacity 25144K, committed 25472K, reserved 1071104K
  class space    used 3130K, capacity 3347K, committed 3456K, reserved 1048576K
Event: 14.858 GC heap after
Heap after GC invocations=7 (full 1):
 PSYoungGen      total 71680K, used 5119K [0x00000000d5d80000, 0x00000000da880000, 0x0000000100000000)
  eden space 66560K, 0% used [0x00000000d5d80000,0x00000000d5d80000,0x00000000d9e80000)
  from space 5120K, 99% used [0x00000000da380000,0x00000000da87fec8,0x00000000da880000)
  to   space 5120K, 0% used [0x00000000d9e80000,0x00000000d9e80000,0x00000000da380000)
 ParOldGen       total 50688K, used 10425K [0x0000000081800000, 0x0000000084980000, 0x00000000d5d80000)
  object space 50688K, 20% used [0x0000000081800000,0x000000008222e458,0x0000000084980000)
 Metaspace       used 24372K, capacity 25144K, committed 25472K, reserved 1071104K
  class space    used 3130K, capacity 3347K, committed 3456K, reserved 1048576K
}

