# JRE version: Java(TM) SE Runtime Environment (8.0_121-b13) (build 1.8.0_121-b13)
# Java VM: Java HotSpot(TM) 64-Bit Server VM (25.121-b13 mixed mode windows-amd64 compressed oops)
Heap:
 PSYoungGen      total 71680K, used 22819K [0x00000000d5d80000, 0x00000000def80000, 0x0000000100000000)
  eden space 66560K, 29% used [0x00000000d5d80000,0x00000000d7081e70,0x00000000d9e80000)
  from space 5120K, 65% used [0x00000000d9e80000,0x00000000da1c6e90,0x00000000da380000)
  to   space 10240K, 0% used [0x00000000de580000,0x00000000de580000,0x00000000def80000)
 ParOldGen       total 46080K, used 6642K [0x0000000081800000, 0x0000000084500000, 0x00000000d5d80000)
  object space 46080K, 14% used [0x0000000081800000,0x0000000081e7c9e0,0x0000000084500000)
 Metaspace       used 23121K, capacity 23902K, committed 24240K, reserved 1071104K
  class space    used 2952K, capacity 3150K, committed 3248K, reserved 1048576K
GC Heap History (10 events):
Event: 14.127 GC heap before
{Heap before GC invocations=4 (full 0):
 PSYoungGen      total 38400K, used 38391K [0x00000000d5d80000, 0x00000000da880000, 0x0000000100000000)
  eden space 33280K, 100% used [0x00000000d5d80000,0x00000000d7e00000,0x00000000d7e00000)
  from space 5120K, 99% used [0x00000000d7e00000,0x00000000d82fdf90,0x00000000d8300000)
  to   space 5120K, 0% used [0x00000000da380000,0x00000000da380000,0x00000000da880000)
 ParOldGen       total 87552K, used 639K [0x0000000081800000, 0x0000000086d80000, 0x00000000d5d80000)
  object space 87552K, 0% used [0x0000000081800000,0x000000008189fec0,0x0000000086d80000)
 Metaspace       used 12770K, capacity 13286K, committed 13312K, reserved 1060864K
  class space    used 1646K, capacity 1788K, committed 1792K, reserved 1048576K
Event: 14.133 GC heap after
Heap after GC invocations=4 (full 0):
 PSYoungGen      total 71680K, used 5106K [0x00000000d5d80000, 0x00000000da880000, 0x0000000100000000)
  eden space 66560K, 0% used [0x00000000d5d80000,0x00000000d5d80000,0x00000000d9e80000)
  from space 5120K, 99% used [0x00000000da380000,0x00000000da87c850,0x00000000da880000)
  to   space 5120K, 0% used [0x00000000d9e80000,0x00000000d9e80000,0x00000000da380000)
 ParOldGen       total 87552K, used 1335K [0x0000000081800000, 0x0000000086d80000, 0x00000000d5d80000)
  object space 87552K, 1% used [0x0000000081800000,0x000000008194dc30,0x0000000086d80000)
 Metaspace       used 12770K, capacity 13286K, committed 13312K, reserved 1060864K
  class space    used 1646K, capacity 1788K, committed 1792K, reserved 1048576K
}
Event: 14.480 GC heap before
{Heap before GC invocations=5 (full 0):
 PSYoungGen      total 71680K, used 71666K [0x00000000d5d80000, 0x00000000da880000, 0x0000000100000000)
  eden space 66560K, 100% used [0x00000000d5d80000,0x00000000d9e80000,0x00000000d9e80000)
  from space 5120K, 99% used [0x00000000da380000,0x00000000da87c850,0x00000000da880000)
  to   space 5120K, 0% used [0x00000000d9e80000,0x00000000d9e80000,0x00000000da380000)
 ParOldGen       total 87552K, used 1335K [0x0000000081800000, 0x0000000086d80000, 0x00000000d5d80000)
  object space 87552K, 1% used [0x0000000081800000,0x000000008194dc30,0x0000000086d80000)
 Metaspace       used 19112K, capacity 19748K, committed 20096K, reserved 1067008K
  class space    used 2410K, capacity 2587K, committed 2688K, reserved 1048576K
Event: 14.489 GC heap after
Heap after GC invocations=5 (full 0):
 PSYoungGen      total 71680K, used 5093K [0x00000000d5d80000, 0x00000000da880000, 0x0000000100000000)
  eden space 66560K, 0% used [0x00000000d5d80000,0x00000000d5d80000,0x00000000d9e80000)
  from space 5120K, 99% used [0x00000000d9e80000,0x00000000da3795b8,0x00000000da380000)
  to   space 5120K, 0% used [0x00000000da380000,0x00000000da380000,0x00000000da880000)
 ParOldGen       total 87552K, used 6817K [0x0000000081800000, 0x0000000086d80000, 0x00000000d5d80000)
  object space 87552K, 7% used [0x0000000081800000,0x0000000081ea8588,0x0000000086d80000)
 Metaspace       used 19112K, capacity 19748K, committed 20096K, reserved 1067008K
  class space    used 2410K, capacity 2587K, committed 2688K, reserved 1048576K
}
Event: 14.614 GC heap before
{Heap before GC invocations=6 (full 0):
 PSYoungGen      total 71680K, used 27661K [0x00000000d5d80000, 0x00000000da880000, 0x0000000100000000)
  eden space 66560K, 33% used [0x00000000d5d80000,0x00000000d738a178,0x00000000d9e80000)
  from space 5120K, 99% used [0x00000000d9e80000,0x00000000da3795b8,0x00000000da380000)
  to   space 5120K, 0% used [0x00000000da380000,0x00000000da380000,0x00000000da880000)
 ParOldGen       total 87552K, used 6817K [0x0000000081800000, 0x0000000086d80000, 0x00000000d5d80000)
  object space 87552K, 7% used [0x0000000081800000,0x0000000081ea8588,0x0000000086d80000)
 Metaspace       used 20544K, capacity 21204K, committed 21296K, reserved 1067008K
  class space    used 2625K, capacity 2819K, committed 2864K, reserved 1048576K
Event: 14.621 GC heap after
Heap after GC invocations=6 (full 0):
 PSYoungGen      total 71680K, used 5093K [0x00000000d5d80000, 0x00000000da880000, 0x0000000100000000)
  eden space 66560K, 0% used [0x00000000d5d80000,0x00000000d5d80000,0x00000000d9e80000)
  from space 5120K, 99% used [0x00000000da380000,0x00000000da8795b8,0x00000000da880000)
  to   space 5120K, 0% used [0x00000000d9e80000,0x00000000d9e80000,0x00000000da380000)
 ParOldGen       total 87552K, used 8456K [0x0000000081800000, 0x0000000086d80000, 0x00000000d5d80000)
  object space 87552K, 9% used [0x0000000081800000,0x00000000820422e8,0x0000000086d80000)
 Metaspace       used 20544K, capacity 21204K, committed 21296K, reserved 1067008K
  class space    used 2625K, capacity 2819K, committed 2864K, reserved 1048576K
}
Event: 14.621 GC heap before
{Heap before GC invocations=7 (full 1):
 PSYoungGen      total 71680K, used 5093K [0x00000000d5d80000, 0x00000000da880000, 0x0000000100000000)
  eden space 66560K, 0% used [0x00000000d5d80000,0x00000000d5d80000,0x00000000d9e80000)
  from space 5120K, 99% used [0x00000000da380000,0x00000000da8795b8,0x00000000da880000)
  to   space 5120K, 0% used [0x00000000d9e80000,0x00000000d9e80000,0x00000000da380000)
 ParOldGen       total 87552K, used 8456K [0x0000000081800000, 0x0000000086d80000, 0x00000000d5d80000)
  object space 87552K, 9% used [0x0000000081800000,0x00000000820422e8,0x0000000086d80000)
 Metaspace       used 20544K, capacity 21204K, committed 21296K, reserved 1067008K
  class space    used 2625K, capacity 2819K, committed 2864K, reserved 1048576K
Event: 14.652 GC heap after
Heap after GC invocations=7 (full 1):
 PSYoungGen      total 71680K, used 0K [0x00000000d5d80000, 0x00000000da880000, 0x0000000100000000)
  eden space 66560K, 0% used [0x00000000d5d80000,0x00000000d5d80000,0x00000000d9e80000)
  from space 5120K, 0% used [0x00000000da380000,0x00000000da380000,0x00000000da880000)
  to   space 5120K, 0% used [0x00000000d9e80000,0x00000000d9e80000,0x00000000da380000)
 ParOldGen       total 46080K, used 6634K [0x0000000081800000, 0x0000000084500000, 0x00000000d5d80000)
  object space 46080K, 14% used [0x0000000081800000,0x0000000081e7a9e0,0x0000000084500000)
 Metaspace       used 20542K, capacity 21198K, committed 21296K, reserved 1067008K
  class space    used 2624K, capacity 2818K, committed 2864K, reserved 1048576K
}
Event: 14.978 GC heap before
{Heap before GC invocations=8 (full 1):
 PSYoungGen      total 71680K, used 66560K [0x00000000d5d80000, 0x00000000da880000, 0x0000000100000000)
  eden space 66560K, 100% used [0x00000000d5d80000,0x00000000d9e80000,0x00000000d9e80000)
  from space 5120K, 0% used [0x00000000da380000,0x00000000da380000,0x00000000da880000)
  to   space 5120K, 0% used [0x00000000d9e80000,0x00000000d9e80000,0x00000000da380000)
 ParOldGen       total 46080K, used 6634K [0x0000000081800000, 0x0000000084500000, 0x00000000d5d80000)
  object space 46080K, 14% used [0x0000000081800000,0x0000000081e7a9e0,0x0000000084500000)
 Metaspace       used 22872K, capacity 23572K, committed 23600K, reserved 1069056K
  class space    used 2917K, capacity 3107K, committed 3120K, reserved 1048576K
Event: 14.981 GC heap after
Heap after GC invocations=8 (full 1):
 PSYoungGen      total 71680K, used 3355K [0x00000000d5d80000, 0x00000000def80000, 0x0000000100000000)
  eden space 66560K, 0% used [0x00000000d5d80000,0x00000000d5d80000,0x00000000d9e80000)
  from space 5120K, 65% used [0x00000000d9e80000,0x00000000da1c6e90,0x00000000da380000)
  to   space 10240K, 0% used [0x00000000de580000,0x00000000de580000,0x00000000def80000)
 ParOldGen       total 46080K, used 6642K [0x0000000081800000, 0x0000000084500000, 0x00000000d5d80000)
  object space 46080K, 14% used [0x0000000081800000,0x0000000081e7c9e0,0x0000000084500000)
 Metaspace       used 22872K, capacity 23572K, committed 23600K, reserved 1069056K
  class space    used 2917K, capacity 3107K, committed 3120K, reserved 1048576K
}

